[debug] [2018-01-07T13:52:56.347Z] ----------------------------------------------------------------------
[debug] [2018-01-07T13:52:56.350Z] Command:       /usr/local/bin/node /usr/local/bin/firebase login --reauth
[debug] [2018-01-07T13:52:56.350Z] CLI Version:   3.16.0
[debug] [2018-01-07T13:52:56.350Z] Platform:      darwin
[debug] [2018-01-07T13:52:56.350Z] Node Version:  v8.9.1
[debug] [2018-01-07T13:52:56.351Z] Time:          Sun Jan 07 2018 21:52:56 GMT+0800 (CST)
[debug] [2018-01-07T13:52:56.351Z] ----------------------------------------------------------------------
[debug] 
[info] 
[info] Visit this URL on any device to log in:
[info] https://accounts.google.com/o/oauth2/auth?client_id=563584335869-fgrhgmd47bqnekij5i8b5pr03ho849e6.apps.googleusercontent.com&scope=email%20openid%20https%3A%2F%2Fwww.googleapis.com%2Fauth%2Fcloudplatformprojects.readonly%20https%3A%2F%2Fwww.googleapis.com%2Fauth%2Ffirebase%20https%3A%2F%2Fwww.googleapis.com%2Fauth%2Fcloud-platform&response_type=code&state=737311693&redirect_uri=http%3A%2F%2Flocalhost%3A9005
[info] 
[info] Waiting for authentication...
[debug] [2018-01-07T13:54:34.623Z] >>> HTTP REQUEST POST https://accounts.google.com/o/oauth2/token  
 { code: '4/Z5PELf1x9xg6ytqGpvlJMEqRtlRnhRvZK96I37xj-gw',
  client_id: '563584335869-fgrhgmd47bqnekij5i8b5pr03ho849e6.apps.googleusercontent.com',
  client_secret: 'j9iVZfS8kkCEFUPaAeJV0sAi',
  redirect_uri: 'http://localhost:9005',
  grant_type: 'authorization_code' } 
 Sun Jan 07 2018 21:54:34 GMT+0800 (CST)
[debug] [2018-01-07T13:55:49.942Z] Token Fetch Error: Error
    at new FirebaseError (/usr/local/lib/node_modules/firebase-tools/lib/error.js:11:17)
    at Request._callback (/usr/local/lib/node_modules/firebase-tools/lib/api.js:34:23)
    at self.callback (/usr/local/lib/node_modules/firebase-tools/node_modules/request/request.js:186:22)
    at emitOne (events.js:116:13)
    at Request.emit (events.js:211:7)
    at Request.onRequestError (/usr/local/lib/node_modules/firebase-tools/node_modules/request/request.js:878:8)
    at emitOne (events.js:116:13)
    at ClientRequest.emit (events.js:211:7)
    at TLSSocket.socketErrorListener (_http_client.js:387:9)
    at emitOne (events.js:116:13)
